Traceback (most recent call last):
  File "/home/andres/.local/lib/python3.8/site-packages/jupyter_cache/executors/utils.py", line 51, in single_nb_execution
    executenb(
  File "/home/andres/.local/lib/python3.8/site-packages/nbclient/client.py", line 1204, in execute
    return NotebookClient(nb=nb, resources=resources, km=km, **kwargs).execute()
  File "/home/andres/.local/lib/python3.8/site-packages/nbclient/util.py", line 84, in wrapped
    return just_run(coro(*args, **kwargs))
  File "/home/andres/.local/lib/python3.8/site-packages/nbclient/util.py", line 62, in just_run
    return loop.run_until_complete(coro)
  File "/usr/lib/python3.8/asyncio/base_events.py", line 616, in run_until_complete
    return future.result()
  File "/home/andres/.local/lib/python3.8/site-packages/nbclient/client.py", line 663, in async_execute
    await self.async_execute_cell(
  File "/home/andres/.local/lib/python3.8/site-packages/nbclient/client.py", line 965, in async_execute_cell
    await self._check_raise_for_error(cell, cell_index, exec_reply)
  File "/home/andres/.local/lib/python3.8/site-packages/nbclient/client.py", line 862, in _check_raise_for_error
    raise CellExecutionError.from_cell_and_msg(cell, exec_reply_content)
nbclient.exceptions.CellExecutionError: An error occurred while executing the following cell:
------------------
URL_datos = 'datas/examen.xlsx'                         # URL local del archivo a leer
dfe = pd.read_excel(URL_datos)
dfx = pd.read_excel(URL_datos, 'examen1')               # lectura del archivo 
------------------

[0;31m---------------------------------------------------------------------------[0m
[0;31mValueError[0m                                Traceback (most recent call last)
Input [0;32mIn [36][0m, in [0;36m<cell line: 3>[0;34m()[0m
[1;32m      1[0m URL_datos [38;5;241m=[39m [38;5;124m'[39m[38;5;124mdatas/examen.xlsx[39m[38;5;124m'[39m                         [38;5;66;03m# URL local del archivo a leer[39;00m
[1;32m      2[0m dfe [38;5;241m=[39m pd[38;5;241m.[39mread_excel(URL_datos)
[0;32m----> 3[0m dfx [38;5;241m=[39m [43mpd[49m[38;5;241;43m.[39;49m[43mread_excel[49m[43m([49m[43mURL_datos[49m[43m,[49m[43m [49m[38;5;124;43m'[39;49m[38;5;124;43mexamen1[39;49m[38;5;124;43m'[39;49m[43m)[49m

File [0;32m~/.local/lib/python3.8/site-packages/pandas/util/_decorators.py:311[0m, in [0;36mdeprecate_nonkeyword_arguments.<locals>.decorate.<locals>.wrapper[0;34m(*args, **kwargs)[0m
[1;32m    305[0m [38;5;28;01mif[39;00m [38;5;28mlen[39m(args) [38;5;241m>[39m num_allow_args:
[1;32m    306[0m     warnings[38;5;241m.[39mwarn(
[1;32m    307[0m         msg[38;5;241m.[39mformat(arguments[38;5;241m=[39marguments),
[1;32m    308[0m         [38;5;167;01mFutureWarning[39;00m,
[1;32m    309[0m         stacklevel[38;5;241m=[39mstacklevel,
[1;32m    310[0m     )
[0;32m--> 311[0m [38;5;28;01mreturn[39;00m [43mfunc[49m[43m([49m[38;5;241;43m*[39;49m[43margs[49m[43m,[49m[43m [49m[38;5;241;43m*[39;49m[38;5;241;43m*[39;49m[43mkwargs[49m[43m)[49m

File [0;32m~/.local/lib/python3.8/site-packages/pandas/io/excel/_base.py:465[0m, in [0;36mread_excel[0;34m(io, sheet_name, header, names, index_col, usecols, squeeze, dtype, engine, converters, true_values, false_values, skiprows, nrows, na_values, keep_default_na, na_filter, verbose, parse_dates, date_parser, thousands, decimal, comment, skipfooter, convert_float, mangle_dupe_cols, storage_options)[0m
[1;32m    459[0m     [38;5;28;01mraise[39;00m [38;5;167;01mValueError[39;00m(
[1;32m    460[0m         [38;5;124m"[39m[38;5;124mEngine should not be specified when passing [39m[38;5;124m"[39m
[1;32m    461[0m         [38;5;124m"[39m[38;5;124man ExcelFile - ExcelFile already has the engine set[39m[38;5;124m"[39m
[1;32m    462[0m     )
[1;32m    464[0m [38;5;28;01mtry[39;00m:
[0;32m--> 465[0m     data [38;5;241m=[39m [43mio[49m[38;5;241;43m.[39;49m[43mparse[49m[43m([49m
[1;32m    466[0m [43m        [49m[43msheet_name[49m[38;5;241;43m=[39;49m[43msheet_name[49m[43m,[49m
[1;32m    467[0m [43m        [49m[43mheader[49m[38;5;241;43m=[39;49m[43mheader[49m[43m,[49m
[1;32m    468[0m [43m        [49m[43mnames[49m[38;5;241;43m=[39;49m[43mnames[49m[43m,[49m
[1;32m    469[0m [43m        [49m[43mindex_col[49m[38;5;241;43m=[39;49m[43mindex_col[49m[43m,[49m
[1;32m    470[0m [43m        [49m[43musecols[49m[38;5;241;43m=[39;49m[43musecols[49m[43m,[49m
[1;32m    471[0m [43m        [49m[43msqueeze[49m[38;5;241;43m=[39;49m[43msqueeze[49m[43m,[49m
[1;32m    472[0m [43m        [49m[43mdtype[49m[38;5;241;43m=[39;49m[43mdtype[49m[43m,[49m
[1;32m    473[0m [43m        [49m[43mconverters[49m[38;5;241;43m=[39;49m[43mconverters[49m[43m,[49m
[1;32m    474[0m [43m        [49m[43mtrue_values[49m[38;5;241;43m=[39;49m[43mtrue_values[49m[43m,[49m
[1;32m    475[0m [43m        [49m[43mfalse_values[49m[38;5;241;43m=[39;49m[43mfalse_values[49m[43m,[49m
[1;32m    476[0m [43m        [49m[43mskiprows[49m[38;5;241;43m=[39;49m[43mskiprows[49m[43m,[49m
[1;32m    477[0m [43m        [49m[43mnrows[49m[38;5;241;43m=[39;49m[43mnrows[49m[43m,[49m
[1;32m    478[0m [43m        [49m[43mna_values[49m[38;5;241;43m=[39;49m[43mna_values[49m[43m,[49m
[1;32m    479[0m [43m        [49m[43mkeep_default_na[49m[38;5;241;43m=[39;49m[43mkeep_default_na[49m[43m,[49m
[1;32m    480[0m [43m        [49m[43mna_filter[49m[38;5;241;43m=[39;49m[43mna_filter[49m[43m,[49m
[1;32m    481[0m [43m        [49m[43mverbose[49m[38;5;241;43m=[39;49m[43mverbose[49m[43m,[49m
[1;32m    482[0m [43m        [49m[43mparse_dates[49m[38;5;241;43m=[39;49m[43mparse_dates[49m[43m,[49m
[1;32m    483[0m [43m        [49m[43mdate_parser[49m[38;5;241;43m=[39;49m[43mdate_parser[49m[43m,[49m
[1;32m    484[0m [43m        [49m[43mthousands[49m[38;5;241;43m=[39;49m[43mthousands[49m[43m,[49m
[1;32m    485[0m [43m        [49m[43mdecimal[49m[38;5;241;43m=[39;49m[43mdecimal[49m[43m,[49m
[1;32m    486[0m [43m        [49m[43mcomment[49m[38;5;241;43m=[39;49m[43mcomment[49m[43m,[49m
[1;32m    487[0m [43m        [49m[43mskipfooter[49m[38;5;241;43m=[39;49m[43mskipfooter[49m[43m,[49m
[1;32m    488[0m [43m        [49m[43mconvert_float[49m[38;5;241;43m=[39;49m[43mconvert_float[49m[43m,[49m
[1;32m    489[0m [43m        [49m[43mmangle_dupe_cols[49m[38;5;241;43m=[39;49m[43mmangle_dupe_cols[49m[43m,[49m
[1;32m    490[0m [43m    [49m[43m)[49m
[1;32m    491[0m [38;5;28;01mfinally[39;00m:
[1;32m    492[0m     [38;5;66;03m# make sure to close opened file handles[39;00m
[1;32m    493[0m     [38;5;28;01mif[39;00m should_close:

File [0;32m~/.local/lib/python3.8/site-packages/pandas/io/excel/_base.py:1458[0m, in [0;36mExcelFile.parse[0;34m(self, sheet_name, header, names, index_col, usecols, squeeze, converters, true_values, false_values, skiprows, nrows, na_values, parse_dates, date_parser, thousands, comment, skipfooter, convert_float, mangle_dupe_cols, **kwds)[0m
[1;32m   1424[0m [38;5;28;01mdef[39;00m [38;5;21mparse[39m(
[1;32m   1425[0m     [38;5;28mself[39m,
[1;32m   1426[0m     sheet_name: [38;5;28mstr[39m [38;5;241m|[39m [38;5;28mint[39m [38;5;241m|[39m [38;5;28mlist[39m[[38;5;28mint[39m] [38;5;241m|[39m [38;5;28mlist[39m[[38;5;28mstr[39m] [38;5;241m|[39m [38;5;28;01mNone[39;00m [38;5;241m=[39m [38;5;241m0[39m,
[0;32m   (...)[0m
[1;32m   1445[0m     [38;5;241m*[39m[38;5;241m*[39mkwds,
[1;32m   1446[0m ) [38;5;241m-[39m[38;5;241m>[39m DataFrame [38;5;241m|[39m [38;5;28mdict[39m[[38;5;28mstr[39m, DataFrame] [38;5;241m|[39m [38;5;28mdict[39m[[38;5;28mint[39m, DataFrame]:
[1;32m   1447[0m     [38;5;124;03m"""[39;00m
[1;32m   1448[0m [38;5;124;03m    Parse specified sheet(s) into a DataFrame.[39;00m
[1;32m   1449[0m 
[0;32m   (...)[0m
[1;32m   1456[0m [38;5;124;03m        DataFrame from the passed in Excel file.[39;00m
[1;32m   1457[0m [38;5;124;03m    """[39;00m
[0;32m-> 1458[0m     [38;5;28;01mreturn[39;00m [38;5;28;43mself[39;49m[38;5;241;43m.[39;49m[43m_reader[49m[38;5;241;43m.[39;49m[43mparse[49m[43m([49m
[1;32m   1459[0m [43m        [49m[43msheet_name[49m[38;5;241;43m=[39;49m[43msheet_name[49m[43m,[49m
[1;32m   1460[0m [43m        [49m[43mheader[49m[38;5;241;43m=[39;49m[43mheader[49m[43m,[49m
[1;32m   1461[0m [43m        [49m[43mnames[49m[38;5;241;43m=[39;49m[43mnames[49m[43m,[49m
[1;32m   1462[0m [43m        [49m[43mindex_col[49m[38;5;241;43m=[39;49m[43mindex_col[49m[43m,[49m
[1;32m   1463[0m [43m        [49m[43musecols[49m[38;5;241;43m=[39;49m[43musecols[49m[43m,[49m
[1;32m   1464[0m [43m        [49m[43msqueeze[49m[38;5;241;43m=[39;49m[43msqueeze[49m[43m,[49m
[1;32m   1465[0m [43m        [49m[43mconverters[49m[38;5;241;43m=[39;49m[43mconverters[49m[43m,[49m
[1;32m   1466[0m [43m        [49m[43mtrue_values[49m[38;5;241;43m=[39;49m[43mtrue_values[49m[43m,[49m
[1;32m   1467[0m [43m        [49m[43mfalse_values[49m[38;5;241;43m=[39;49m[43mfalse_values[49m[43m,[49m
[1;32m   1468[0m [43m        [49m[43mskiprows[49m[38;5;241;43m=[39;49m[43mskiprows[49m[43m,[49m
[1;32m   1469[0m [43m        [49m[43mnrows[49m[38;5;241;43m=[39;49m[43mnrows[49m[43m,[49m
[1;32m   1470[0m [43m        [49m[43mna_values[49m[38;5;241;43m=[39;49m[43mna_values[49m[43m,[49m
[1;32m   1471[0m [43m        [49m[43mparse_dates[49m[38;5;241;43m=[39;49m[43mparse_dates[49m[43m,[49m
[1;32m   1472[0m [43m        [49m[43mdate_parser[49m[38;5;241;43m=[39;49m[43mdate_parser[49m[43m,[49m
[1;32m   1473[0m [43m        [49m[43mthousands[49m[38;5;241;43m=[39;49m[43mthousands[49m[43m,[49m
[1;32m   1474[0m [43m        [49m[43mcomment[49m[38;5;241;43m=[39;49m[43mcomment[49m[43m,[49m
[1;32m   1475[0m [43m        [49m[43mskipfooter[49m[38;5;241;43m=[39;49m[43mskipfooter[49m[43m,[49m
[1;32m   1476[0m [43m        [49m[43mconvert_float[49m[38;5;241;43m=[39;49m[43mconvert_float[49m[43m,[49m
[1;32m   1477[0m [43m        [49m[43mmangle_dupe_cols[49m[38;5;241;43m=[39;49m[43mmangle_dupe_cols[49m[43m,[49m
[1;32m   1478[0m [43m        [49m[38;5;241;43m*[39;49m[38;5;241;43m*[39;49m[43mkwds[49m[43m,[49m
[1;32m   1479[0m [43m    [49m[43m)[49m

File [0;32m~/.local/lib/python3.8/site-packages/pandas/io/excel/_base.py:634[0m, in [0;36mBaseExcelReader.parse[0;34m(self, sheet_name, header, names, index_col, usecols, squeeze, dtype, true_values, false_values, skiprows, nrows, na_values, verbose, parse_dates, date_parser, thousands, decimal, comment, skipfooter, convert_float, mangle_dupe_cols, **kwds)[0m
[1;32m    631[0m     [38;5;28mprint[39m([38;5;124mf[39m[38;5;124m"[39m[38;5;124mReading sheet [39m[38;5;132;01m{[39;00masheetname[38;5;132;01m}[39;00m[38;5;124m"[39m)
[1;32m    633[0m [38;5;28;01mif[39;00m [38;5;28misinstance[39m(asheetname, [38;5;28mstr[39m):
[0;32m--> 634[0m     sheet [38;5;241m=[39m [38;5;28;43mself[39;49m[38;5;241;43m.[39;49m[43mget_sheet_by_name[49m[43m([49m[43masheetname[49m[43m)[49m
[1;32m    635[0m [38;5;28;01melse[39;00m:  [38;5;66;03m# assume an integer if not a string[39;00m
[1;32m    636[0m     sheet [38;5;241m=[39m [38;5;28mself[39m[38;5;241m.[39mget_sheet_by_index(asheetname)

File [0;32m~/.local/lib/python3.8/site-packages/pandas/io/excel/_openpyxl.py:545[0m, in [0;36mOpenpyxlReader.get_sheet_by_name[0;34m(self, name)[0m
[1;32m    544[0m [38;5;28;01mdef[39;00m [38;5;21mget_sheet_by_name[39m([38;5;28mself[39m, name: [38;5;28mstr[39m):
[0;32m--> 545[0m     [38;5;28;43mself[39;49m[38;5;241;43m.[39;49m[43mraise_if_bad_sheet_by_name[49m[43m([49m[43mname[49m[43m)[49m
[1;32m    546[0m     [38;5;28;01mreturn[39;00m [38;5;28mself[39m[38;5;241m.[39mbook[name]

File [0;32m~/.local/lib/python3.8/site-packages/pandas/io/excel/_base.py:570[0m, in [0;36mBaseExcelReader.raise_if_bad_sheet_by_name[0;34m(self, name)[0m
[1;32m    568[0m [38;5;28;01mdef[39;00m [38;5;21mraise_if_bad_sheet_by_name[39m([38;5;28mself[39m, name: [38;5;28mstr[39m) [38;5;241m-[39m[38;5;241m>[39m [38;5;28;01mNone[39;00m:
[1;32m    569[0m     [38;5;28;01mif[39;00m name [38;5;129;01mnot[39;00m [38;5;129;01min[39;00m [38;5;28mself[39m[38;5;241m.[39msheet_names:
[0;32m--> 570[0m         [38;5;28;01mraise[39;00m [38;5;167;01mValueError[39;00m([38;5;124mf[39m[38;5;124m"[39m[38;5;124mWorksheet named [39m[38;5;124m'[39m[38;5;132;01m{[39;00mname[38;5;132;01m}[39;00m[38;5;124m'[39m[38;5;124m not found[39m[38;5;124m"[39m)

[0;31mValueError[0m: Worksheet named 'examen1' not found
ValueError: Worksheet named 'examen1' not found

